<?xml version="1.0" encoding="UTF-8"?>
<!-- Generated by org.testng.reporters.JUnitReportReporter -->
<testsuite hostname="DESKTOP-N1Q5QB2" failures="0" tests="2" name="automation.verizon.MobileTest" time="0.003" errors="0" timestamp="2023-07-25T23:53:16 GMT-07:00" skipped="0">
  <testcase classname="automation.verizon.MobileTest" name="login" time="0.002"/>
  <testcase classname="automation.verizon.MobileTest" name="logout" time="0.001"/>
</testsuite> <!-- automation.verizon.MobileTest -->
