<?xml version="1.0" encoding="UTF-8"?>
<!-- Generated by org.testng.reporters.JUnitReportReporter -->
<testsuite hostname="DESKTOP-N1Q5QB2" failures="0" tests="1" name="automation.verizon.AppTest" time="0.002" errors="0" timestamp="2023-07-25T23:53:16 GMT-07:00" skipped="0">
  <testcase classname="automation.verizon.AppTest" name="shouldAnswerWithTrue" time="0.002"/>
</testsuite> <!-- automation.verizon.AppTest -->
